* using log directory ‘/home/pierre/Documents/Master/Semestre_1/R/projet/PLSDA_Package_R/plslda5.Rcheck’
* using R version 4.2.2 (2022-10-31)
* using platform: x86_64-pc-linux-gnu (64-bit)
* using session charset: UTF-8
* checking for file ‘plslda5/DESCRIPTION’ ... OK
* checking extension type ... Package
* this is package ‘plslda5’ version ‘0.1.0’
* package encoding: UTF-8
* checking package namespace information ... OK
* checking package dependencies ... OK
* checking if this is a source package ... OK
* checking if there is a namespace ... OK
* checking for executable files ... OK
* checking for hidden files and directories ... OK
* checking for portable file names ... OK
* checking for sufficient/correct file permissions ... OK
* checking whether package ‘plslda5’ can be installed ... ERROR
Installation failed.
See ‘/home/pierre/Documents/Master/Semestre_1/R/projet/PLSDA_Package_R/plslda5.Rcheck/00install.out’ for details.
* DONE
Status: 1 ERROR
